[2021-02-19 16:20:27.332] [main] INFO  c.g.l.LogbackDemoApplication : Starting LogbackDemoApplication using Java 1.8.0_92 on DESKTOP-G3LDHST with PID 14980 (D:\programWorkspace\IdeaWorkspace\springBoot_demo\logback_demo\target\classes started by Gjc in D:\programWorkspace\IdeaWorkspace\springBoot_demo)
[2021-02-19 16:20:27.334] [main] INFO  c.g.l.LogbackDemoApplication : The following profiles are active: prod
[2021-02-19 16:20:27.993] [main] INFO  o.s.b.w.e.tomcat.TomcatWebServer : Tomcat initialized with port(s): 8091 (http)
[2021-02-19 16:20:28.000] [main] INFO  o.a.coyote.http11.Http11NioProtocol : Initializing ProtocolHandler ["http-nio-8091"]
[2021-02-19 16:20:28.001] [main] INFO  o.a.catalina.core.StandardService : Starting service [Tomcat]
[2021-02-19 16:20:28.001] [main] INFO  o.a.catalina.core.StandardEngine : Starting Servlet engine: [Apache Tomcat/9.0.43]
[2021-02-19 16:20:28.062] [main] INFO  o.a.c.c.C.[Tomcat].[localhost].[/] : Initializing Spring embedded WebApplicationContext
[2021-02-19 16:20:28.062] [main] INFO  o.s.b.w.s.c.ServletWebServerApplicationContext : Root WebApplicationContext: initialization completed in 684 ms
[2021-02-19 16:20:28.180] [main] INFO  o.s.s.c.ThreadPoolTaskExecutor : Initializing ExecutorService 'applicationTaskExecutor'
[2021-02-19 16:20:28.297] [main] INFO  o.a.coyote.http11.Http11NioProtocol : Starting ProtocolHandler ["http-nio-8091"]
[2021-02-19 16:20:28.312] [main] INFO  o.s.b.w.e.tomcat.TomcatWebServer : Tomcat started on port(s): 8091 (http) with context path ''
[2021-02-19 16:20:28.320] [main] INFO  c.g.l.LogbackDemoApplication : Started LogbackDemoApplication in 1.465 seconds (JVM running for 2.108)
[2021-02-19 16:20:37.697] [http-nio-8091-exec-1] INFO  o.a.c.c.C.[Tomcat].[localhost].[/] : Initializing Spring DispatcherServlet 'dispatcherServlet'
[2021-02-19 16:20:37.698] [http-nio-8091-exec-1] INFO  o.s.web.servlet.DispatcherServlet : Initializing Servlet 'dispatcherServlet'
[2021-02-19 16:20:37.698] [http-nio-8091-exec-1] INFO  o.s.web.servlet.DispatcherServlet : Completed initialization in 0 ms
[2021-02-19 16:20:37.713] [http-nio-8091-exec-1] INFO  c.g.logback_demo.web.TestController : 执行了方法：test1
[2021-02-19 16:22:19.231] [SpringContextShutdownHook] INFO  o.s.s.c.ThreadPoolTaskExecutor : Shutting down ExecutorService 'applicationTaskExecutor'
[2021-02-19 16:22:21.973] [main] INFO  c.g.l.LogbackDemoApplication : Starting LogbackDemoApplication using Java 1.8.0_92 on DESKTOP-G3LDHST with PID 20024 (D:\programWorkspace\IdeaWorkspace\springBoot_demo\logback_demo\target\classes started by Gjc in D:\programWorkspace\IdeaWorkspace\springBoot_demo)
[2021-02-19 16:22:21.975] [main] INFO  c.g.l.LogbackDemoApplication : The following profiles are active: prod
[2021-02-19 16:22:22.615] [main] INFO  o.s.b.w.e.tomcat.TomcatWebServer : Tomcat initialized with port(s): 8091 (http)
[2021-02-19 16:22:22.622] [main] INFO  o.a.coyote.http11.Http11NioProtocol : Initializing ProtocolHandler ["http-nio-8091"]
[2021-02-19 16:22:22.623] [main] INFO  o.a.catalina.core.StandardService : Starting service [Tomcat]
[2021-02-19 16:22:22.623] [main] INFO  o.a.catalina.core.StandardEngine : Starting Servlet engine: [Apache Tomcat/9.0.43]
[2021-02-19 16:22:22.682] [main] INFO  o.a.c.c.C.[Tomcat].[localhost].[/] : Initializing Spring embedded WebApplicationContext
[2021-02-19 16:22:22.682] [main] INFO  o.s.b.w.s.c.ServletWebServerApplicationContext : Root WebApplicationContext: initialization completed in 662 ms
[2021-02-19 16:22:22.801] [main] INFO  o.s.s.c.ThreadPoolTaskExecutor : Initializing ExecutorService 'applicationTaskExecutor'
[2021-02-19 16:22:22.913] [main] INFO  o.a.coyote.http11.Http11NioProtocol : Starting ProtocolHandler ["http-nio-8091"]
[2021-02-19 16:22:22.927] [main] INFO  o.s.b.w.e.tomcat.TomcatWebServer : Tomcat started on port(s): 8091 (http) with context path ''
[2021-02-19 16:22:22.935] [main] INFO  c.g.l.LogbackDemoApplication : Started LogbackDemoApplication in 1.391 seconds (JVM running for 2.096)
[2021-02-19 16:22:39.500] [http-nio-8091-exec-2] INFO  o.a.c.c.C.[Tomcat].[localhost].[/] : Initializing Spring DispatcherServlet 'dispatcherServlet'
[2021-02-19 16:22:39.500] [http-nio-8091-exec-2] INFO  o.s.web.servlet.DispatcherServlet : Initializing Servlet 'dispatcherServlet'
[2021-02-19 16:22:39.501] [http-nio-8091-exec-2] INFO  o.s.web.servlet.DispatcherServlet : Completed initialization in 1 ms
